2018-10-31 16:01:04 [-][-][-][error][yii\base\UnknownClassException] yii\base\UnknownClassException: Unable to find 'application\consoles\HelloController' in file: C:\workspaces\ejector\overreach/protected/application/consoles/HelloController.php. Namespace missing? in C:\workspaces\ejector\overreach\protected\vendor\yiisoft\yii2\BaseYii.php:296
Stack trace:
#0 [internal function]: yii\BaseYii::autoload('application\\con...')
#1 [internal function]: spl_autoload_call('application\\con...')
#2 C:\workspaces\ejector\overreach\protected\vendor\yiisoft\yii2\console\controllers\HelpController.php(280): class_exists('application\\con...')
#3 C:\workspaces\ejector\overreach\protected\vendor\yiisoft\yii2\console\controllers\HelpController.php(258): yii\console\controllers\HelpController->validateControllerClass('application\\con...')
#4 C:\workspaces\ejector\overreach\protected\vendor\yiisoft\yii2\console\controllers\HelpController.php(175): yii\console\controllers\HelpController->getModuleCommands(Object(yii\console\Application))
#5 C:\workspaces\ejector\overreach\protected\vendor\yiisoft\yii2\console\controllers\HelpController.php(187): yii\console\controllers\HelpController->getCommands()
#6 C:\workspaces\ejector\overreach\protected\vendor\yiisoft\yii2\console\controllers\HelpController.php(293): yii\console\controllers\HelpController->getCommandDescriptions()
#7 C:\workspaces\ejector\overreach\protected\vendor\yiisoft\yii2\console\controllers\HelpController.php(67): yii\console\controllers\HelpController->getDefaultHelp()
#8 [internal function]: yii\console\controllers\HelpController->actionIndex(NULL)
#9 C:\workspaces\ejector\overreach\protected\vendor\yiisoft\yii2\base\InlineAction.php(57): call_user_func_array(Array, Array)
#10 C:\workspaces\ejector\overreach\protected\vendor\yiisoft\yii2\base\Controller.php(157): yii\base\InlineAction->runWithParams(Array)
#11 C:\workspaces\ejector\overreach\protected\vendor\yiisoft\yii2\console\Controller.php(148): yii\base\Controller->runAction('', Array)
#12 C:\workspaces\ejector\overreach\protected\vendor\yiisoft\yii2\base\Module.php(528): yii\console\Controller->runAction('', Array)
#13 C:\workspaces\ejector\overreach\protected\vendor\yiisoft\yii2\console\Application.php(180): yii\base\Module->runAction('', Array)
#14 C:\workspaces\ejector\overreach\protected\vendor\yiisoft\yii2\console\Application.php(147): yii\console\Application->runAction('', Array)
#15 C:\workspaces\ejector\overreach\protected\vendor\yiisoft\yii2\base\Application.php(386): yii\console\Application->handleRequest(Object(yii\console\Request))
#16 C:\workspaces\ejector\overreach\protected\yii(31): yii\base\Application->run()
#17 {main}
2018-10-31 16:01:04 [-][-][-][info][application] $_GET = []

$_POST = []

$_FILES = []

$_COOKIE = []

$_SERVER = [
    'PROCESSOR_ARCHITEW6432' => 'AMD64'
    'PROMPT' => '$P$G'
    'USERDOMAIN_ROAMINGPROFILE' => 'VINH-PC'
    'LOCALAPPDATA' => 'C:\\Users\\vinhs\\AppData\\Local'
    'PROCESSOR_LEVEL' => '6'
    'USERDOMAIN' => 'VINH-PC'
    'FPS_BROWSER_APP_PROFILE_STRING' => 'Internet Explorer'
    'LOGONSERVER' => '\\\\VINH-PC'
    'SESSIONNAME' => 'Console'
    'ALLUSERSPROFILE' => 'C:\\ProgramData'
    'PROCESSOR_ARCHITECTURE' => 'x86'
    'PSModulePath' => 'C:\\Program Files\\WindowsPowerShell\\Modules;C:\\WINDOWS\\system32\\WindowsPowerShell\\v1.0\\Modules'
    'SystemDrive' => 'C:'
    'OneDrive' => 'C:\\Users\\vinhs\\OneDrive'
    'APPDATA' => 'C:\\Users\\vinhs\\AppData\\Roaming'
    'USERNAME' => 'vinhs'
    'ProgramFiles(x86)' => 'C:\\Program Files (x86)'
    'CommonProgramFiles' => 'C:\\Program Files (x86)\\Common Files'
    'Path' => 'C:\\Program Files\\Docker\\Docker\\Resources\\bin;C:\\WINDOWS\\system32;C:\\WINDOWS;C:\\WINDOWS\\System32\\Wbem;C:\\WINDOWS\\System32\\WindowsPowerShell\\v1.0\\;C:\\Program Files\\Git\\cmd;C:\\Program Files\\nodejs\\;C:\\workspaces\\xampp\\php;C:\\ProgramData\\ComposerSetup\\bin;;C:\\WINDOWS\\System32\\OpenSSH\\;C:\\Users\\vinhs\\AppData\\Local\\Microsoft\\WindowsApps;C:\\Users\\vinhs\\AppData\\Roaming\\npm;C:\\Users\\vinhs\\AppData\\Roaming\\Composer\\vendor\\bin;'
    'FPS_BROWSER_USER_PROFILE_STRING' => 'Default'
    'PATHEXT' => '.COM;.EXE;.BAT;.CMD;.VBS;.VBE;.JS;.JSE;.WSF;.WSH;.MSC'
    'DriverData' => 'C:\\Windows\\System32\\Drivers\\DriverData'
    'OS' => 'Windows_NT'
    'COMPUTERNAME' => 'VINH-PC'
    'PROCESSOR_REVISION' => '4501'
    'CommonProgramW6432' => 'C:\\Program Files\\Common Files'
    'ComSpec' => 'C:\\WINDOWS\\system32\\cmd.exe'
    'ProgramData' => 'C:\\ProgramData'
    'ProgramW6432' => 'C:\\Program Files'
    'HOMEPATH' => '\\Users\\vinhs'
    'SystemRoot' => 'C:\\WINDOWS'
    'TEMP' => 'C:\\Users\\vinhs\\AppData\\Local\\Temp'
    'HOMEDRIVE' => 'C:'
    'PROCESSOR_IDENTIFIER' => 'Intel64 Family 6 Model 69 Stepping 1, GenuineIntel'
    'USERPROFILE' => 'C:\\Users\\vinhs'
    'TMP' => 'C:\\Users\\vinhs\\AppData\\Local\\Temp'
    'CommonProgramFiles(x86)' => 'C:\\Program Files (x86)\\Common Files'
    'ProgramFiles' => 'C:\\Program Files (x86)'
    'PUBLIC' => 'C:\\Users\\Public'
    'NUMBER_OF_PROCESSORS' => '4'
    'windir' => 'C:\\WINDOWS'
    'PHP_SELF' => './protected/yii'
    'SCRIPT_NAME' => './protected/yii'
    'SCRIPT_FILENAME' => './protected/yii'
    'PATH_TRANSLATED' => './protected/yii'
    'DOCUMENT_ROOT' => ''
    'REQUEST_TIME_FLOAT' => 1540998064.3695
    'REQUEST_TIME' => 1540998064
    'argv' => [
        0 => './protected/yii'
    ]
    'argc' => 1
]
