2018-10-31 15:46:47 [127.0.0.1][-][-][error][yii\web\HttpException:404] yii\base\InvalidRouteException: Unable to resolve the request "". in C:\workspaces\ejector\overreach\protected\vendor\yiisoft\yii2\base\Module.php:537
Stack trace:
#0 C:\workspaces\ejector\overreach\protected\vendor\yiisoft\yii2\web\Application.php(103): yii\base\Module->runAction('', Array)
#1 C:\workspaces\ejector\overreach\protected\vendor\yiisoft\yii2\base\Application.php(386): yii\web\Application->handleRequest(Object(yii\web\Request))
#2 C:\workspaces\ejector\overreach\index.php(22): yii\base\Application->run()
#3 {main}

Next yii\web\NotFoundHttpException: Page not found. in C:\workspaces\ejector\overreach\protected\vendor\yiisoft\yii2\web\Application.php:115
Stack trace:
#0 C:\workspaces\ejector\overreach\protected\vendor\yiisoft\yii2\base\Application.php(386): yii\web\Application->handleRequest(Object(yii\web\Request))
#1 C:\workspaces\ejector\overreach\index.php(22): yii\base\Application->run()
#2 {main}
2018-10-31 15:46:47 [127.0.0.1][-][-][info][application] $_GET = []

$_POST = []

$_FILES = []

$_COOKIE = [
    '_csrf' => '85eefa366de682652fe33f7c187bca693af9ac92de728184b7f318e7a170003ba:2:{i:0;s:5:\"_csrf\";i:1;s:32:\"N9BXIxws6gIqQme8Q4lDkFXXxWW-ngDI\";}'
    'PHPSESSID' => 'mccl5jb3gokq2q283e9ha2gc7k'
    '_ga' => 'GA1.2.1273359753.1539684987'
    'cto_lwid' => 'd25751ea-474c-469f-9222-dad176f2cf3f'
]

$_SESSION = [
    '__flash' => []
]

$_SERVER = [
    'MIBDIRS' => '/workspaces/xampp/php/extras/mibs'
    'MYSQL_HOME' => '\\xampp\\mysql\\bin'
    'OPENSSL_CONF' => '/workspaces/xampp/apache/bin/openssl.cnf'
    'PHP_PEAR_SYSCONF_DIR' => '\\xampp\\php'
    'PHPRC' => '\\xampp\\php'
    'TMP' => '\\xampp\\tmp'
    'HTTP_HOST' => 'basic.beta.vn'
    'HTTP_CONNECTION' => 'keep-alive'
    'HTTP_CACHE_CONTROL' => 'max-age=0'
    'HTTP_UPGRADE_INSECURE_REQUESTS' => '1'
    'HTTP_USER_AGENT' => 'Mozilla/5.0 (Windows NT 10.0; Win64; x64) AppleWebKit/537.36 (KHTML, like Gecko) Chrome/70.0.3538.77 Safari/537.36'
    'HTTP_ACCEPT' => 'text/html,application/xhtml+xml,application/xml;q=0.9,image/webp,image/apng,*/*;q=0.8'
    'HTTP_ACCEPT_ENCODING' => 'gzip, deflate'
    'HTTP_ACCEPT_LANGUAGE' => 'en-US,en;q=0.9,ja;q=0.8'
    'HTTP_COOKIE' => '_csrf=85eefa366de682652fe33f7c187bca693af9ac92de728184b7f318e7a170003ba%3A2%3A%7Bi%3A0%3Bs%3A5%3A%22_csrf%22%3Bi%3A1%3Bs%3A32%3A%22N9BXIxws6gIqQme8Q4lDkFXXxWW-ngDI%22%3B%7D; PHPSESSID=mccl5jb3gokq2q283e9ha2gc7k; _ga=GA1.2.1273359753.1539684987; cto_lwid=d25751ea-474c-469f-9222-dad176f2cf3f'
    'PATH' => 'C:\\Program Files\\Docker\\Docker\\Resources\\bin;C:\\WINDOWS\\system32;C:\\WINDOWS;C:\\WINDOWS\\System32\\Wbem;C:\\WINDOWS\\System32\\WindowsPowerShell\\v1.0\\;C:\\Program Files\\Git\\cmd;C:\\Program Files\\nodejs\\;C:\\workspaces\\xampp\\php;C:\\ProgramData\\ComposerSetup\\bin;;C:\\WINDOWS\\System32\\OpenSSH\\;C:\\Users\\vinhs\\AppData\\Local\\Microsoft\\WindowsApps;C:\\Users\\vinhs\\AppData\\Roaming\\npm;C:\\Users\\vinhs\\AppData\\Roaming\\Composer\\vendor\\bin;'
    'SystemRoot' => 'C:\\WINDOWS'
    'COMSPEC' => 'C:\\WINDOWS\\system32\\cmd.exe'
    'PATHEXT' => '.COM;.EXE;.BAT;.CMD;.VBS;.VBE;.JS;.JSE;.WSF;.WSH;.MSC'
    'WINDIR' => 'C:\\WINDOWS'
    'SERVER_SIGNATURE' => '<address>Apache/2.4.29 (Win32) OpenSSL/1.1.0g PHP/7.2.3 Server at basic.beta.vn Port 80</address>
'
    'SERVER_SOFTWARE' => 'Apache/2.4.29 (Win32) OpenSSL/1.1.0g PHP/7.2.3'
    'SERVER_NAME' => 'basic.beta.vn'
    'SERVER_ADDR' => '127.0.0.1'
    'SERVER_PORT' => '80'
    'REMOTE_ADDR' => '127.0.0.1'
    'DOCUMENT_ROOT' => 'C:/workspaces/ejector/overreach'
    'REQUEST_SCHEME' => 'http'
    'CONTEXT_PREFIX' => ''
    'CONTEXT_DOCUMENT_ROOT' => 'C:/workspaces/ejector/overreach'
    'SERVER_ADMIN' => 'postmaster@localhost'
    'SCRIPT_FILENAME' => 'C:/workspaces/ejector/overreach/index.php'
    'REMOTE_PORT' => '53952'
    'GATEWAY_INTERFACE' => 'CGI/1.1'
    'SERVER_PROTOCOL' => 'HTTP/1.1'
    'REQUEST_METHOD' => 'GET'
    'QUERY_STRING' => ''
    'REQUEST_URI' => '/'
    'SCRIPT_NAME' => '/index.php'
    'PHP_SELF' => '/index.php'
    'REQUEST_TIME_FLOAT' => 1540997207.923
    'REQUEST_TIME' => 1540997207
]
2018-10-31 15:46:47 [127.0.0.1][-][-][error][yii\web\HttpException:404] yii\base\InvalidRouteException: Unable to resolve the request "". in C:\workspaces\ejector\overreach\protected\vendor\yiisoft\yii2\base\Module.php:537
Stack trace:
#0 C:\workspaces\ejector\overreach\protected\vendor\yiisoft\yii2\web\Application.php(103): yii\base\Module->runAction('', Array)
#1 C:\workspaces\ejector\overreach\protected\vendor\yiisoft\yii2\base\Application.php(386): yii\web\Application->handleRequest(Object(yii\web\Request))
#2 C:\workspaces\ejector\overreach\index.php(22): yii\base\Application->run()
#3 {main}

Next yii\web\NotFoundHttpException: Page not found. in C:\workspaces\ejector\overreach\protected\vendor\yiisoft\yii2\web\Application.php:115
Stack trace:
#0 C:\workspaces\ejector\overreach\protected\vendor\yiisoft\yii2\base\Application.php(386): yii\web\Application->handleRequest(Object(yii\web\Request))
#1 C:\workspaces\ejector\overreach\index.php(22): yii\base\Application->run()
#2 {main}
2018-10-31 15:46:47 [127.0.0.1][-][-][info][application] $_GET = []

$_POST = []

$_FILES = []

$_COOKIE = [
    '_csrf' => '85eefa366de682652fe33f7c187bca693af9ac92de728184b7f318e7a170003ba:2:{i:0;s:5:\"_csrf\";i:1;s:32:\"N9BXIxws6gIqQme8Q4lDkFXXxWW-ngDI\";}'
    'PHPSESSID' => 'mccl5jb3gokq2q283e9ha2gc7k'
    '_ga' => 'GA1.2.1273359753.1539684987'
    'cto_lwid' => 'd25751ea-474c-469f-9222-dad176f2cf3f'
]

$_SESSION = [
    '__flash' => []
]

$_SERVER = [
    'MIBDIRS' => '/workspaces/xampp/php/extras/mibs'
    'MYSQL_HOME' => '\\xampp\\mysql\\bin'
    'OPENSSL_CONF' => '/workspaces/xampp/apache/bin/openssl.cnf'
    'PHP_PEAR_SYSCONF_DIR' => '\\xampp\\php'
    'PHPRC' => '\\xampp\\php'
    'TMP' => '\\xampp\\tmp'
    'HTTP_HOST' => 'basic.beta.vn'
    'HTTP_CONNECTION' => 'keep-alive'
    'HTTP_CACHE_CONTROL' => 'max-age=0'
    'HTTP_UPGRADE_INSECURE_REQUESTS' => '1'
    'HTTP_USER_AGENT' => 'Mozilla/5.0 (Windows NT 10.0; Win64; x64) AppleWebKit/537.36 (KHTML, like Gecko) Chrome/70.0.3538.77 Safari/537.36'
    'HTTP_ACCEPT' => 'text/html,application/xhtml+xml,application/xml;q=0.9,image/webp,image/apng,*/*;q=0.8'
    'HTTP_ACCEPT_ENCODING' => 'gzip, deflate'
    'HTTP_ACCEPT_LANGUAGE' => 'en-US,en;q=0.9,ja;q=0.8'
    'HTTP_COOKIE' => '_csrf=85eefa366de682652fe33f7c187bca693af9ac92de728184b7f318e7a170003ba%3A2%3A%7Bi%3A0%3Bs%3A5%3A%22_csrf%22%3Bi%3A1%3Bs%3A32%3A%22N9BXIxws6gIqQme8Q4lDkFXXxWW-ngDI%22%3B%7D; PHPSESSID=mccl5jb3gokq2q283e9ha2gc7k; _ga=GA1.2.1273359753.1539684987; cto_lwid=d25751ea-474c-469f-9222-dad176f2cf3f'
    'PATH' => 'C:\\Program Files\\Docker\\Docker\\Resources\\bin;C:\\WINDOWS\\system32;C:\\WINDOWS;C:\\WINDOWS\\System32\\Wbem;C:\\WINDOWS\\System32\\WindowsPowerShell\\v1.0\\;C:\\Program Files\\Git\\cmd;C:\\Program Files\\nodejs\\;C:\\workspaces\\xampp\\php;C:\\ProgramData\\ComposerSetup\\bin;;C:\\WINDOWS\\System32\\OpenSSH\\;C:\\Users\\vinhs\\AppData\\Local\\Microsoft\\WindowsApps;C:\\Users\\vinhs\\AppData\\Roaming\\npm;C:\\Users\\vinhs\\AppData\\Roaming\\Composer\\vendor\\bin;'
    'SystemRoot' => 'C:\\WINDOWS'
    'COMSPEC' => 'C:\\WINDOWS\\system32\\cmd.exe'
    'PATHEXT' => '.COM;.EXE;.BAT;.CMD;.VBS;.VBE;.JS;.JSE;.WSF;.WSH;.MSC'
    'WINDIR' => 'C:\\WINDOWS'
    'SERVER_SIGNATURE' => '<address>Apache/2.4.29 (Win32) OpenSSL/1.1.0g PHP/7.2.3 Server at basic.beta.vn Port 80</address>
'
    'SERVER_SOFTWARE' => 'Apache/2.4.29 (Win32) OpenSSL/1.1.0g PHP/7.2.3'
    'SERVER_NAME' => 'basic.beta.vn'
    'SERVER_ADDR' => '127.0.0.1'
    'SERVER_PORT' => '80'
    'REMOTE_ADDR' => '127.0.0.1'
    'DOCUMENT_ROOT' => 'C:/workspaces/ejector/overreach'
    'REQUEST_SCHEME' => 'http'
    'CONTEXT_PREFIX' => ''
    'CONTEXT_DOCUMENT_ROOT' => 'C:/workspaces/ejector/overreach'
    'SERVER_ADMIN' => 'postmaster@localhost'
    'SCRIPT_FILENAME' => 'C:/workspaces/ejector/overreach/index.php'
    'REMOTE_PORT' => '53952'
    'GATEWAY_INTERFACE' => 'CGI/1.1'
    'SERVER_PROTOCOL' => 'HTTP/1.1'
    'REQUEST_METHOD' => 'GET'
    'QUERY_STRING' => ''
    'REQUEST_URI' => '/'
    'SCRIPT_NAME' => '/index.php'
    'PHP_SELF' => '/index.php'
    'REQUEST_TIME_FLOAT' => 1540997207.923
    'REQUEST_TIME' => 1540997207
]
2018-10-31 15:46:47 [127.0.0.1][-][-][error][yii\web\HttpException:404] yii\base\InvalidRouteException: Unable to resolve the request "". in C:\workspaces\ejector\overreach\protected\vendor\yiisoft\yii2\base\Module.php:537
Stack trace:
#0 C:\workspaces\ejector\overreach\protected\vendor\yiisoft\yii2\web\Application.php(103): yii\base\Module->runAction('', Array)
#1 C:\workspaces\ejector\overreach\protected\vendor\yiisoft\yii2\base\Application.php(386): yii\web\Application->handleRequest(Object(yii\web\Request))
#2 C:\workspaces\ejector\overreach\index.php(22): yii\base\Application->run()
#3 {main}

Next yii\web\NotFoundHttpException: Page not found. in C:\workspaces\ejector\overreach\protected\vendor\yiisoft\yii2\web\Application.php:115
Stack trace:
#0 C:\workspaces\ejector\overreach\protected\vendor\yiisoft\yii2\base\Application.php(386): yii\web\Application->handleRequest(Object(yii\web\Request))
#1 C:\workspaces\ejector\overreach\index.php(22): yii\base\Application->run()
#2 {main}
2018-10-31 15:46:47 [127.0.0.1][-][-][info][application] $_GET = []

$_POST = []

$_FILES = []

$_COOKIE = [
    '_csrf' => '85eefa366de682652fe33f7c187bca693af9ac92de728184b7f318e7a170003ba:2:{i:0;s:5:\"_csrf\";i:1;s:32:\"N9BXIxws6gIqQme8Q4lDkFXXxWW-ngDI\";}'
    'PHPSESSID' => 'mccl5jb3gokq2q283e9ha2gc7k'
    '_ga' => 'GA1.2.1273359753.1539684987'
    'cto_lwid' => 'd25751ea-474c-469f-9222-dad176f2cf3f'
]

$_SESSION = [
    '__flash' => []
]

$_SERVER = [
    'MIBDIRS' => '/workspaces/xampp/php/extras/mibs'
    'MYSQL_HOME' => '\\xampp\\mysql\\bin'
    'OPENSSL_CONF' => '/workspaces/xampp/apache/bin/openssl.cnf'
    'PHP_PEAR_SYSCONF_DIR' => '\\xampp\\php'
    'PHPRC' => '\\xampp\\php'
    'TMP' => '\\xampp\\tmp'
    'HTTP_HOST' => 'basic.beta.vn'
    'HTTP_CONNECTION' => 'keep-alive'
    'HTTP_CACHE_CONTROL' => 'max-age=0'
    'HTTP_UPGRADE_INSECURE_REQUESTS' => '1'
    'HTTP_USER_AGENT' => 'Mozilla/5.0 (Windows NT 10.0; Win64; x64) AppleWebKit/537.36 (KHTML, like Gecko) Chrome/70.0.3538.77 Safari/537.36'
    'HTTP_ACCEPT' => 'text/html,application/xhtml+xml,application/xml;q=0.9,image/webp,image/apng,*/*;q=0.8'
    'HTTP_ACCEPT_ENCODING' => 'gzip, deflate'
    'HTTP_ACCEPT_LANGUAGE' => 'en-US,en;q=0.9,ja;q=0.8'
    'HTTP_COOKIE' => '_csrf=85eefa366de682652fe33f7c187bca693af9ac92de728184b7f318e7a170003ba%3A2%3A%7Bi%3A0%3Bs%3A5%3A%22_csrf%22%3Bi%3A1%3Bs%3A32%3A%22N9BXIxws6gIqQme8Q4lDkFXXxWW-ngDI%22%3B%7D; PHPSESSID=mccl5jb3gokq2q283e9ha2gc7k; _ga=GA1.2.1273359753.1539684987; cto_lwid=d25751ea-474c-469f-9222-dad176f2cf3f'
    'PATH' => 'C:\\Program Files\\Docker\\Docker\\Resources\\bin;C:\\WINDOWS\\system32;C:\\WINDOWS;C:\\WINDOWS\\System32\\Wbem;C:\\WINDOWS\\System32\\WindowsPowerShell\\v1.0\\;C:\\Program Files\\Git\\cmd;C:\\Program Files\\nodejs\\;C:\\workspaces\\xampp\\php;C:\\ProgramData\\ComposerSetup\\bin;;C:\\WINDOWS\\System32\\OpenSSH\\;C:\\Users\\vinhs\\AppData\\Local\\Microsoft\\WindowsApps;C:\\Users\\vinhs\\AppData\\Roaming\\npm;C:\\Users\\vinhs\\AppData\\Roaming\\Composer\\vendor\\bin;'
    'SystemRoot' => 'C:\\WINDOWS'
    'COMSPEC' => 'C:\\WINDOWS\\system32\\cmd.exe'
    'PATHEXT' => '.COM;.EXE;.BAT;.CMD;.VBS;.VBE;.JS;.JSE;.WSF;.WSH;.MSC'
    'WINDIR' => 'C:\\WINDOWS'
    'SERVER_SIGNATURE' => '<address>Apache/2.4.29 (Win32) OpenSSL/1.1.0g PHP/7.2.3 Server at basic.beta.vn Port 80</address>
'
    'SERVER_SOFTWARE' => 'Apache/2.4.29 (Win32) OpenSSL/1.1.0g PHP/7.2.3'
    'SERVER_NAME' => 'basic.beta.vn'
    'SERVER_ADDR' => '127.0.0.1'
    'SERVER_PORT' => '80'
    'REMOTE_ADDR' => '127.0.0.1'
    'DOCUMENT_ROOT' => 'C:/workspaces/ejector/overreach'
    'REQUEST_SCHEME' => 'http'
    'CONTEXT_PREFIX' => ''
    'CONTEXT_DOCUMENT_ROOT' => 'C:/workspaces/ejector/overreach'
    'SERVER_ADMIN' => 'postmaster@localhost'
    'SCRIPT_FILENAME' => 'C:/workspaces/ejector/overreach/index.php'
    'REMOTE_PORT' => '53952'
    'GATEWAY_INTERFACE' => 'CGI/1.1'
    'SERVER_PROTOCOL' => 'HTTP/1.1'
    'REQUEST_METHOD' => 'GET'
    'QUERY_STRING' => ''
    'REQUEST_URI' => '/'
    'SCRIPT_NAME' => '/index.php'
    'PHP_SELF' => '/index.php'
    'REQUEST_TIME_FLOAT' => 1540997207.923
    'REQUEST_TIME' => 1540997207
]
